# JRE version: OpenJDK Runtime Environment (8.0_212-b04) (build 1.8.0_212-release-1586-b04)
# Java VM: OpenJDK 64-Bit Server VM (25.212-b04 mixed mode windows-amd64 compressed oops)
Heap:
 PSYoungGen      total 285184K, used 171182K [0x00000000e0000000, 0x00000000f5380000, 0x0000000100000000)
  eden space 245248K, 65% used [0x00000000e0000000,0x00000000e9c11330,0x00000000eef80000)
  from space 39936K, 28% used [0x00000000eef80000,0x00000000efa9a828,0x00000000f1680000)
  to   space 38912K, 0% used [0x00000000f2d80000,0x00000000f2d80000,0x00000000f5380000)
 ParOldGen       total 371712K, used 78425K [0x00000000a0000000, 0x00000000b6b00000, 0x00000000e0000000)
  object space 371712K, 21% used [0x00000000a0000000,0x00000000a4c96438,0x00000000b6b00000)
 Metaspace       used 93798K, capacity 97908K, committed 100248K, reserved 1136640K
  class space    used 12296K, capacity 13120K, committed 13736K, reserved 1048576K
GC Heap History (10 events):
Event: 86.006 GC heap before
{Heap before GC invocations=17 (full 3):
 PSYoungGen      total 222208K, used 222201K [0x00000000e0000000, 0x00000000f1a00000, 0x0000000100000000)
  eden space 196096K, 100% used [0x00000000e0000000,0x00000000ebf80000,0x00000000ebf80000)
  from space 26112K, 99% used [0x00000000ebf80000,0x00000000ed8fe718,0x00000000ed900000)
  to   space 34304K, 0% used [0x00000000ef880000,0x00000000ef880000,0x00000000f1a00000)
 ParOldGen       total 232448K, used 53517K [0x00000000a0000000, 0x00000000ae300000, 0x00000000e0000000)
  object space 232448K, 23% used [0x00000000a0000000,0x00000000a3443440,0x00000000ae300000)
 Metaspace       used 79267K, capacity 83212K, committed 83352K, reserved 1122304K
  class space    used 10553K, capacity 11354K, committed 11432K, reserved 1048576K
Event: 86.045 GC heap after
Heap after GC invocations=17 (full 3):
 PSYoungGen      total 252416K, used 27053K [0x00000000e0000000, 0x00000000f1d80000, 0x0000000100000000)
  eden space 218112K, 0% used [0x00000000e0000000,0x00000000e0000000,0x00000000ed500000)
  from space 34304K, 78% used [0x00000000ef880000,0x00000000f12eb530,0x00000000f1a00000)
  to   space 36352K, 0% used [0x00000000ed500000,0x00000000ed500000,0x00000000ef880000)
 ParOldGen       total 232448K, used 70869K [0x00000000a0000000, 0x00000000ae300000, 0x00000000e0000000)
  object space 232448K, 30% used [0x00000000a0000000,0x00000000a4535778,0x00000000ae300000)
 Metaspace       used 79267K, capacity 83212K, committed 83352K, reserved 1122304K
  class space    used 10553K, capacity 11354K, committed 11432K, reserved 1048576K
}
Event: 88.121 GC heap before
{Heap before GC invocations=18 (full 3):
 PSYoungGen      total 252416K, used 206550K [0x00000000e0000000, 0x00000000f1d80000, 0x0000000100000000)
  eden space 218112K, 82% used [0x00000000e0000000,0x00000000eaf4a358,0x00000000ed500000)
  from space 34304K, 78% used [0x00000000ef880000,0x00000000f12eb530,0x00000000f1a00000)
  to   space 36352K, 0% used [0x00000000ed500000,0x00000000ed500000,0x00000000ef880000)
 ParOldGen       total 232448K, used 70869K [0x00000000a0000000, 0x00000000ae300000, 0x00000000e0000000)
  object space 232448K, 30% used [0x00000000a0000000,0x00000000a4535778,0x00000000ae300000)
 Metaspace       used 93195K, capacity 98498K, committed 98584K, reserved 1134592K
  class space    used 12522K, capacity 13579K, committed 13608K, reserved 1048576K
Event: 88.153 GC heap after
Heap after GC invocations=18 (full 3):
 PSYoungGen      total 254464K, used 32769K [0x00000000e0000000, 0x00000000f3e00000, 0x0000000100000000)
  eden space 218112K, 0% used [0x00000000e0000000,0x00000000e0000000,0x00000000ed500000)
  from space 36352K, 90% used [0x00000000ed500000,0x00000000ef500558,0x00000000ef880000)
  to   space 40448K, 0% used [0x00000000f1680000,0x00000000f1680000,0x00000000f3e00000)
 ParOldGen       total 232448K, used 70877K [0x00000000a0000000, 0x00000000ae300000, 0x00000000e0000000)
  object space 232448K, 30% used [0x00000000a0000000,0x00000000a4537778,0x00000000ae300000)
 Metaspace       used 93195K, capacity 98498K, committed 98584K, reserved 1134592K
  class space    used 12522K, capacity 13579K, committed 13608K, reserved 1048576K
}
Event: 88.153 GC heap before
{Heap before GC invocations=19 (full 4):
 PSYoungGen      total 254464K, used 32769K [0x00000000e0000000, 0x00000000f3e00000, 0x0000000100000000)
  eden space 218112K, 0% used [0x00000000e0000000,0x00000000e0000000,0x00000000ed500000)
  from space 36352K, 90% used [0x00000000ed500000,0x00000000ef500558,0x00000000ef880000)
  to   space 40448K, 0% used [0x00000000f1680000,0x00000000f1680000,0x00000000f3e00000)
 ParOldGen       total 232448K, used 70877K [0x00000000a0000000, 0x00000000ae300000, 0x00000000e0000000)
  object space 232448K, 30% used [0x00000000a0000000,0x00000000a4537778,0x00000000ae300000)
 Metaspace       used 93195K, capacity 98498K, committed 98584K, reserved 1134592K
  class space    used 12522K, capacity 13579K, committed 13608K, reserved 1048576K
Event: 88.368 GC heap after
Heap after GC invocations=19 (full 4):
 PSYoungGen      total 254464K, used 0K [0x00000000e0000000, 0x00000000f3e00000, 0x0000000100000000)
  eden space 218112K, 0% used [0x00000000e0000000,0x00000000e0000000,0x00000000ed500000)
  from space 36352K, 0% used [0x00000000ed500000,0x00000000ed500000,0x00000000ef880000)
  to   space 40448K, 0% used [0x00000000f1680000,0x00000000f1680000,0x00000000f3e00000)
 ParOldGen       total 371712K, used 78417K [0x00000000a0000000, 0x00000000b6b00000, 0x00000000e0000000)
  object space 371712K, 21% used [0x00000000a0000000,0x00000000a4c94438,0x00000000b6b00000)
 Metaspace       used 92350K, capacity 96296K, committed 98584K, reserved 1134592K
  class space    used 12233K, capacity 13066K, committed 13608K, reserved 1048576K
}
Event: 89.535 GC heap before
{Heap before GC invocations=20 (full 4):
 PSYoungGen      total 254464K, used 218112K [0x00000000e0000000, 0x00000000f3e00000, 0x0000000100000000)
  eden space 218112K, 100% used [0x00000000e0000000,0x00000000ed500000,0x00000000ed500000)
  from space 36352K, 0% used [0x00000000ed500000,0x00000000ed500000,0x00000000ef880000)
  to   space 40448K, 0% used [0x00000000f1680000,0x00000000f1680000,0x00000000f3e00000)
 ParOldGen       total 371712K, used 78417K [0x00000000a0000000, 0x00000000b6b00000, 0x00000000e0000000)
  object space 371712K, 21% used [0x00000000a0000000,0x00000000a4c94438,0x00000000b6b00000)
 Metaspace       used 93132K, capacity 97172K, committed 99480K, reserved 1134592K
  class space    used 12273K, capacity 13114K, committed 13736K, reserved 1048576K
Event: 89.551 GC heap after
Heap after GC invocations=20 (full 4):
 PSYoungGen      total 285696K, used 7934K [0x00000000e0000000, 0x00000000f4280000, 0x0000000100000000)
  eden space 245248K, 0% used [0x00000000e0000000,0x00000000e0000000,0x00000000eef80000)
  from space 40448K, 19% used [0x00000000f1680000,0x00000000f1e3fad8,0x00000000f3e00000)
  to   space 39936K, 0% used [0x00000000eef80000,0x00000000eef80000,0x00000000f1680000)
 ParOldGen       total 371712K, used 78417K [0x00000000a0000000, 0x00000000b6b00000, 0x00000000e0000000)
  object space 371712K, 21% used [0x00000000a0000000,0x00000000a4c94438,0x00000000b6b00000)
 Metaspace       used 93132K, capacity 97172K, committed 99480K, reserved 1134592K
  class space    used 12273K, capacity 13114K, committed 13736K, reserved 1048576K
}
Event: 90.321 GC heap before
{Heap before GC invocations=21 (full 4):
 PSYoungGen      total 285696K, used 253182K [0x00000000e0000000, 0x00000000f4280000, 0x0000000100000000)
  eden space 245248K, 100% used [0x00000000e0000000,0x00000000eef80000,0x00000000eef80000)
  from space 40448K, 19% used [0x00000000f1680000,0x00000000f1e3fad8,0x00000000f3e00000)
  to   space 39936K, 0% used [0x00000000eef80000,0x00000000eef80000,0x00000000f1680000)
 ParOldGen       total 371712K, used 78417K [0x00000000a0000000, 0x00000000b6b00000, 0x00000000e0000000)
  object space 371712K, 21% used [0x00000000a0000000,0x00000000a4c94438,0x00000000b6b00000)
 Metaspace       used 93614K, capacity 97678K, committed 99992K, reserved 1136640K
  class space    used 12294K, capacity 13119K, committed 13736K, reserved 1048576K
Event: 90.333 GC heap after
Heap after GC invocations=21 (full 4):
 PSYoungGen      total 285184K, used 11370K [0x00000000e0000000, 0x00000000f5380000, 0x0000000100000000)
  eden space 245248K, 0% used [0x00000000e0000000,0x00000000e0000000,0x00000000eef80000)
  from space 39936K, 28% used [0x00000000eef80000,0x00000000efa9a828,0x00000000f1680000)
  to   space 38912K, 0% used [0x00000000f2d80000,0x00000000f2d80000,0x00000000f5380000)
 ParOldGen       total 371712K, used 78425K [0x00000000a0000000, 0x00000000b6b00000, 0x00000000e0000000)
  object space 371712K, 21% used [0x00000000a0000000,0x00000000a4c96438,0x00000000b6b00000)
 Metaspace       used 93614K, capacity 97678K, committed 99992K, reserved 1136640K
  class space    used 12294K, capacity 13119K, committed 13736K, reserved 1048576K
}

